<?xml version="1.0" encoding="UTF-8"?>
<!-- Generated by org.testng.reporters.JUnitXMLReporter -->
<testsuite hostname="840G3" ignored="0" name="Command line test 2ca8f6b4-86fa-492b-98d4-dbdba25a9414" tests="1" failures="0" timestamp="2021-04-16T00:13:13 PKT" time="3.841" errors="0">
  <testcase name="testRegistrationFields" time="0.765" classname="IntermediateSuite.RegFormPageXpathTimeOutElementNotInteractableSeeding"/>
</testsuite> <!-- Command line test 2ca8f6b4-86fa-492b-98d4-dbdba25a9414 -->
