<?xml version="1.0" encoding="UTF-8"?>
<!-- Generated by org.testng.reporters.JUnitXMLReporter -->
<testsuite hostname="840G3" ignored="0" name="Command line test f3df5054-0bfc-4a79-8252-6e89894e856e" tests="1" failures="0" timestamp="2021-04-17T23:43:50 PKT" time="3.873" errors="0">
  <testcase name="testRegistrationFields" time="0.678" classname="IntermediateSuite.RegFormPageXpathTimeOutElementNotInteractableSeeding"/>
</testsuite> <!-- Command line test f3df5054-0bfc-4a79-8252-6e89894e856e -->
