<?xml version="1.0" encoding="UTF-8"?>
<!-- Generated by org.testng.reporters.JUnitXMLReporter -->
<testsuite hostname="840G3" ignored="3" name="Command line test 4c169e52-8357-4e74-a306-c3e33490a751" tests="3" failures="0" timestamp="2021-05-21T00:39:02 PKT" time="37.586" errors="0">
  <testcase name="addCategoryTest" time="9.152" classname="IntermediateSuite.MantisBTSuite"/>
  <testcase name="updateCategoryTest" time="12.491" classname="IntermediateSuite.MantisBTSuite"/>
  <testcase name="assignCategoryToUser" time="12.504" classname="IntermediateSuite.MantisBTSuite"/>
  <testcase name="addCategoryEmptyTest" time="0.0" classname="IntermediateSuite.MantisBTSuite">
    <ignored/>
  </testcase> <!-- addCategoryEmptyTest -->
  <testcase name="deletCategoryTest" time="0.0" classname="IntermediateSuite.MantisBTSuite">
    <ignored/>
  </testcase> <!-- deletCategoryTest -->
  <testcase name="addCategoryWrongTest" time="0.0" classname="IntermediateSuite.MantisBTSuite">
    <ignored/>
  </testcase> <!-- addCategoryWrongTest -->
</testsuite> <!-- Command line test 4c169e52-8357-4e74-a306-c3e33490a751 -->
