<?xml version="1.0" encoding="UTF-8"?>
<!-- Generated by org.testng.reporters.JUnitXMLReporter -->
<testsuite hostname="840G3" ignored="3" name="Command line test 132c91b5-8157-494f-ba00-19ff3d3470e2" tests="3" failures="0" timestamp="2021-05-20T23:43:48 PKT" time="37.388" errors="0">
  <testcase name="addCategoryTest" time="8.869" classname="IntermediateSuite.MantisBTSuite"/>
  <testcase name="updateCategoryTest" time="12.898" classname="IntermediateSuite.MantisBTSuite"/>
  <testcase name="assignCategoryToUser" time="12.442" classname="IntermediateSuite.MantisBTSuite"/>
  <testcase name="addCategoryEmptyTest" time="0.0" classname="IntermediateSuite.MantisBTSuite">
    <ignored/>
  </testcase> <!-- addCategoryEmptyTest -->
  <testcase name="deletCategoryTest" time="0.0" classname="IntermediateSuite.MantisBTSuite">
    <ignored/>
  </testcase> <!-- deletCategoryTest -->
  <testcase name="addCategoryWrongTest" time="0.0" classname="IntermediateSuite.MantisBTSuite">
    <ignored/>
  </testcase> <!-- addCategoryWrongTest -->
</testsuite> <!-- Command line test 132c91b5-8157-494f-ba00-19ff3d3470e2 -->
