<?xml version="1.0" encoding="UTF-8"?>
<!-- Generated by org.testng.reporters.JUnitXMLReporter -->
<testsuite hostname="840G3" ignored="3" name="Command line test 23a1fd91-7755-4377-a558-53e69988853e" tests="3" failures="0" timestamp="2021-05-21T00:56:04 PKT" time="36.856" errors="0">
  <testcase name="addCategoryTest" time="8.721" classname="IntermediateSuite.MantisBTSuite"/>
  <testcase name="updateCategoryTest" time="12.372" classname="IntermediateSuite.MantisBTSuite"/>
  <testcase name="assignCategoryToUser" time="12.571" classname="IntermediateSuite.MantisBTSuite"/>
  <testcase name="addCategoryEmptyTest" time="0.0" classname="IntermediateSuite.MantisBTSuite">
    <ignored/>
  </testcase> <!-- addCategoryEmptyTest -->
  <testcase name="deletCategoryTest" time="0.0" classname="IntermediateSuite.MantisBTSuite">
    <ignored/>
  </testcase> <!-- deletCategoryTest -->
  <testcase name="addCategoryWrongTest" time="0.0" classname="IntermediateSuite.MantisBTSuite">
    <ignored/>
  </testcase> <!-- addCategoryWrongTest -->
</testsuite> <!-- Command line test 23a1fd91-7755-4377-a558-53e69988853e -->
